Arguments: 
  C:\Program Files\nodejs\node.exe C:\Program Files (x86)\Yarn\bin\yarn.js add restaurant-icons

PATH: 
  C:\Users\volcom1\AppData\Roaming\npm;C:\Program Files\nodejs\;C:\WINDOWS\system32;C:\WINDOWS;C:\WINDOWS\System32\Wbem;C:\WINDOWS\System32\WindowsPowerShell\v1.0\;C:\ProgramData\chocolatey\bin;C:\WINDOWS\System32\OpenSSH\;C:\Program Files\Dart\dart-sdk\bin;C:\flutter\bin;C:\Users\volcom1\AppData\Local\Programs\Python\Python38;C:\Users\volcom1\AppData\Roaming\Python\Python38\Scripts;C:\Program Files\Git\cmd;C:\Program Files (x86)\Yarn\bin\;C:\Program Files\nodejs\;C:\Users\volcom1\AppData\Local\Microsoft\WindowsApps;C:\Users\volcom1\AppData\Local\Programs\Microsoft VS Code\bin;C:\Users\volcom1\AppData\Local\GitHubDesktop\bin;C:\Users\volcom1\AppData\Local\Yarn\bin;C:\Users\volcom1\AppData\Roaming\npm

Yarn version: 
  1.22.4

Node version: 
  14.5.0

Platform: 
  win32 x64

Trace: 
  Error: https://registry.yarnpkg.com/restaurant-icons: Not found
      at Request.params.callback [as _callback] (C:\Program Files (x86)\Yarn\lib\cli.js:66096:18)
      at Request.self.callback (C:\Program Files (x86)\Yarn\lib\cli.js:140748:22)
      at Request.emit (events.js:314:20)
      at Request.<anonymous> (C:\Program Files (x86)\Yarn\lib\cli.js:141720:10)
      at Request.emit (events.js:314:20)
      at IncomingMessage.<anonymous> (C:\Program Files (x86)\Yarn\lib\cli.js:141642:12)
      at Object.onceWrapper (events.js:420:28)
      at IncomingMessage.emit (events.js:326:22)
      at endReadableNT (_stream_readable.js:1226:12)
      at processTicksAndRejections (internal/process/task_queues.js:80:21)

npm manifest: 
  {
    "name": "restaurant-icons",
    "version": "1.0.0",
    "description": "custom colorful icons ",
    "main": "index.js",
    "repository": "https://github.com/ENHarry/customicons",
    "author": "Emi Harry",
    "license": "MIT",
    "private": false,
  
    "dependencies": {
      "react": "~16.11.0"
    }
  }

yarn manifest: 
  No manifest

Lockfile: 
  No lockfile
